<?xml version="1.0" encoding="UTF-8"?>
<robot generator="Robot 6.0.2 (Python 3.11.0 on win32)" generated="20230420 09:48:15.681" rpa="false" schemaversion="3">
<suite id="s1" name="Crm" source="C:\development\robot-scripts\crm\tests\crm.robot">
<test id="s1-t1" name="Should be able to add new customer" line="12">
<kw name="Set Selenium Speed" library="SeleniumLibrary">
<arg>.2s</arg>
<doc>Sets the delay that is waited after each Selenium command.</doc>
<status status="PASS" starttime="20230420 09:48:15.957" endtime="20230420 09:48:15.958"/>
</kw>
<kw name="Set Selenium Timeout" library="SeleniumLibrary">
<arg>10s</arg>
<doc>Sets the timeout that is used by various keywords.</doc>
<status status="PASS" starttime="20230420 09:48:15.958" endtime="20230420 09:48:15.958"/>
</kw>
<kw name="Log" library="BuiltIn">
<arg>Starting the test case!</arg>
<doc>Logs the given message with the given level.</doc>
<msg timestamp="20230420 09:48:15.959" level="INFO">Starting the test case!</msg>
<status status="PASS" starttime="20230420 09:48:15.959" endtime="20230420 09:48:15.959"/>
</kw>
<kw name="Open Browser" library="SeleniumLibrary">
<arg>https://automationplayground.com/crm/</arg>
<arg>chrome</arg>
<doc>Opens a new browser instance to the optional ``url``.</doc>
<msg timestamp="20230420 09:48:15.959" level="INFO">Opening browser 'chrome' to base url 'https://automationplayground.com/crm/'.</msg>
<status status="PASS" starttime="20230420 09:48:15.959" endtime="20230420 09:48:19.033"/>
</kw>
<kw name="Set Window Position" library="SeleniumLibrary">
<arg>x=341</arg>
<arg>y=169</arg>
<doc>Sets window position using ``x`` and ``y`` coordinates.</doc>
<status status="PASS" starttime="20230420 09:48:19.033" endtime="20230420 09:48:19.346"/>
</kw>
<kw name="Set Window Size" library="SeleniumLibrary">
<arg>width=1935</arg>
<arg>height=1098</arg>
<doc>Sets current windows size to given ``width`` and ``height``.</doc>
<status status="PASS" starttime="20230420 09:48:19.346" endtime="20230420 09:48:19.670"/>
</kw>
<kw name="Page Should Contain" library="SeleniumLibrary">
<arg>Customers Are Priority One</arg>
<doc>Verifies that current page contains ``text``.</doc>
<msg timestamp="20230420 09:48:20.083" level="INFO">Current page contains text 'Customers Are Priority One'.</msg>
<status status="PASS" starttime="20230420 09:48:19.670" endtime="20230420 09:48:20.083"/>
</kw>
<kw name="Click Link" library="SeleniumLibrary">
<arg>SignIn</arg>
<doc>Clicks a link identified by ``locator``.</doc>
<msg timestamp="20230420 09:48:20.083" level="INFO">Clicking link 'SignIn'.</msg>
<status status="PASS" starttime="20230420 09:48:20.083" endtime="20230420 09:48:20.890"/>
</kw>
<kw name="Page Should Contain" library="SeleniumLibrary">
<arg>Login</arg>
<doc>Verifies that current page contains ``text``.</doc>
<msg timestamp="20230420 09:48:21.305" level="INFO">Current page contains text 'Login'.</msg>
<status status="PASS" starttime="20230420 09:48:20.890" endtime="20230420 09:48:21.305"/>
</kw>
<kw name="Input Text" library="SeleniumLibrary">
<arg>id=email-id</arg>
<arg>admin@robotframeworktutorial.com</arg>
<doc>Types the given ``text`` into the text field identified by ``locator``.</doc>
<msg timestamp="20230420 09:48:21.306" level="INFO">Typing text 'admin@robotframeworktutorial.com' into text field 'id=email-id'.</msg>
<status status="PASS" starttime="20230420 09:48:21.305" endtime="20230420 09:48:22.004"/>
</kw>
<kw name="Input Text" library="SeleniumLibrary">
<arg>id=password</arg>
<arg>qwe</arg>
<doc>Types the given ``text`` into the text field identified by ``locator``.</doc>
<msg timestamp="20230420 09:48:22.004" level="INFO">Typing text 'qwe' into text field 'id=password'.</msg>
<status status="PASS" starttime="20230420 09:48:22.004" endtime="20230420 09:48:22.672"/>
</kw>
<kw name="Click Button" library="SeleniumLibrary">
<arg>id=submit-id</arg>
<doc>Clicks the button identified by ``locator``.</doc>
<msg timestamp="20230420 09:48:22.672" level="INFO">Clicking button 'id=submit-id'.</msg>
<status status="PASS" starttime="20230420 09:48:22.672" endtime="20230420 09:48:24.585"/>
</kw>
<kw name="Page Should Contain" library="SeleniumLibrary">
<arg>Our Happy Customers</arg>
<doc>Verifies that current page contains ``text``.</doc>
<msg timestamp="20230420 09:48:24.997" level="INFO">Current page contains text 'Our Happy Customers'.</msg>
<status status="PASS" starttime="20230420 09:48:24.585" endtime="20230420 09:48:24.997"/>
</kw>
<kw name="Click Link" library="SeleniumLibrary">
<arg>id=new-customer</arg>
<doc>Clicks a link identified by ``locator``.</doc>
<msg timestamp="20230420 09:48:24.997" level="INFO">Clicking link 'id=new-customer'.</msg>
<status status="PASS" starttime="20230420 09:48:24.997" endtime="20230420 09:48:26.056"/>
</kw>
<kw name="Page Should Contain" library="SeleniumLibrary">
<arg>Add Customer</arg>
<doc>Verifies that current page contains ``text``.</doc>
<msg timestamp="20230420 09:48:26.469" level="INFO">Current page contains text 'Add Customer'.</msg>
<status status="PASS" starttime="20230420 09:48:26.056" endtime="20230420 09:48:26.469"/>
</kw>
<kw name="Input Text" library="SeleniumLibrary">
<arg>id=EmailAddress</arg>
<arg>janedoe@gmail.com</arg>
<doc>Types the given ``text`` into the text field identified by ``locator``.</doc>
<msg timestamp="20230420 09:48:26.469" level="INFO">Typing text 'janedoe@gmail.com' into text field 'id=EmailAddress'.</msg>
<status status="PASS" starttime="20230420 09:48:26.469" endtime="20230420 09:48:27.154"/>
</kw>
<kw name="Input Text" library="SeleniumLibrary">
<arg>id=FirstName</arg>
<arg>Jane</arg>
<doc>Types the given ``text`` into the text field identified by ``locator``.</doc>
<msg timestamp="20230420 09:48:27.154" level="INFO">Typing text 'Jane' into text field 'id=FirstName'.</msg>
<status status="PASS" starttime="20230420 09:48:27.154" endtime="20230420 09:48:27.814"/>
</kw>
<kw name="Input Text" library="SeleniumLibrary">
<arg>id=LastName</arg>
<arg>Doe</arg>
<doc>Types the given ``text`` into the text field identified by ``locator``.</doc>
<msg timestamp="20230420 09:48:27.814" level="INFO">Typing text 'Doe' into text field 'id=LastName'.</msg>
<status status="PASS" starttime="20230420 09:48:27.814" endtime="20230420 09:48:28.478"/>
</kw>
<kw name="Input Text" library="SeleniumLibrary">
<arg>id=City</arg>
<arg>Dallas</arg>
<doc>Types the given ``text`` into the text field identified by ``locator``.</doc>
<msg timestamp="20230420 09:48:28.478" level="INFO">Typing text 'Dallas' into text field 'id=City'.</msg>
<status status="PASS" starttime="20230420 09:48:28.478" endtime="20230420 09:48:29.149"/>
</kw>
<kw name="Select From List By Value" library="SeleniumLibrary">
<arg>id=StateOrRegion</arg>
<arg>TX</arg>
<doc>Selects options from selection list ``locator`` by ``values``.</doc>
<msg timestamp="20230420 09:48:29.150" level="INFO">Selecting options from selection list 'id=StateOrRegion' by value TX.</msg>
<status status="PASS" starttime="20230420 09:48:29.149" endtime="20230420 09:48:30.828"/>
</kw>
<kw name="Select Radio Button" library="SeleniumLibrary">
<arg>gender</arg>
<arg>female</arg>
<doc>Sets the radio button group ``group_name`` to ``value``.</doc>
<msg timestamp="20230420 09:48:30.828" level="INFO">Selecting 'female' from radio button 'gender'.</msg>
<status status="PASS" starttime="20230420 09:48:30.828" endtime="20230420 09:48:31.472"/>
</kw>
<kw name="Select Checkbox" library="SeleniumLibrary">
<arg>name=promos-name</arg>
<doc>Selects the checkbox identified by ``locator``.</doc>
<msg timestamp="20230420 09:48:31.472" level="INFO">Selecting checkbox 'name=promos-name'.</msg>
<status status="PASS" starttime="20230420 09:48:31.472" endtime="20230420 09:48:32.579"/>
</kw>
<kw name="Click Button" library="SeleniumLibrary">
<arg>Submit</arg>
<doc>Clicks the button identified by ``locator``.</doc>
<msg timestamp="20230420 09:48:32.580" level="INFO">Clicking button 'Submit'.</msg>
<status status="PASS" starttime="20230420 09:48:32.579" endtime="20230420 09:48:33.650"/>
</kw>
<kw name="Wait Until Page Contains" library="SeleniumLibrary">
<arg>Success! New customer added.</arg>
<doc>Waits until ``text`` appears on the current page.</doc>
<status status="PASS" starttime="20230420 09:48:33.650" endtime="20230420 09:48:33.866"/>
</kw>
<kw name="Sleep" library="BuiltIn">
<arg>3s</arg>
<doc>Pauses the test executed for the given time.</doc>
<msg timestamp="20230420 09:48:36.866" level="INFO">Slept 3 seconds</msg>
<status status="PASS" starttime="20230420 09:48:33.866" endtime="20230420 09:48:36.866"/>
</kw>
<kw name="Close Browser" library="SeleniumLibrary">
<doc>Closes the current browser.</doc>
<status status="PASS" starttime="20230420 09:48:36.866" endtime="20230420 09:48:39.466"/>
</kw>
<doc>This is some basic info about the test</doc>
<tag>1003</tag>
<tag>Contacts</tag>
<tag>Smoke</tag>
<status status="PASS" starttime="20230420 09:48:15.956" endtime="20230420 09:48:39.466"/>
</test>
<doc>This is some basic info about the whole suite</doc>
<status status="PASS" starttime="20230420 09:48:15.682" endtime="20230420 09:48:39.467"/>
</suite>
<statistics>
<total>
<stat pass="1" fail="0" skip="0">All Tests</stat>
</total>
<tag>
<stat pass="1" fail="0" skip="0">1003</stat>
<stat pass="1" fail="0" skip="0">Contacts</stat>
<stat pass="1" fail="0" skip="0">Smoke</stat>
</tag>
<suite>
<stat pass="1" fail="0" skip="0" id="s1" name="Crm">Crm</stat>
</suite>
</statistics>
<errors>
</errors>
</robot>
